<?xml version="1.0" encoding="UTF-8"?>
<!-- Generated by org.testng.reporters.JUnitReportReporter -->
<testsuite hostname="DESKTOP-7NFQM15" failures="0" tests="2" name="ui.Testclz4" time="10.270" errors="0" timestamp="2024-04-01T20:17:56 IST" skipped="0">
  <testcase classname="ui.Testclz4" name="testcase1" time="4.236"/>
  <testcase classname="ui.Testclz4" name="testcase1" time="6.034"/>
</testsuite> <!-- ui.Testclz4 -->
