<?xml version="1.0" encoding="UTF-8"?>
<!-- Generated by org.testng.reporters.JUnitReportReporter -->
<testsuite hostname="DESKTOP-7NFQM15" failures="0" tests="2" name="ui.Testclz3dataproviders" time="0.006" errors="0" timestamp="2024-04-08T16:07:42 IST" skipped="0">
  <testcase classname="ui.Testclz3dataproviders" name="testmethod" time="0.001"/>
  <testcase classname="ui.Testclz3dataproviders" name="testmethod" time="0.005"/>
</testsuite> <!-- ui.Testclz3dataproviders -->
