<?xml version="1.0" encoding="UTF-8"?>
<!-- Generated by org.testng.reporters.JUnitReportReporter -->
<testsuite hostname="DESKTOP-7NFQM15" failures="0" tests="1" name="ui.TestParmclz" time="9.811" errors="0" timestamp="2024-04-01T20:30:28 IST" skipped="0">
  <testcase classname="ui.TestParmclz" name="parameteriationtestcase" time="9.811"/>
</testsuite> <!-- ui.TestParmclz -->
